2026-07-13 17:36:05.450 INFO  c.j.b.service.SkillServiceTest - Starting SkillServiceTest using Java 25.0.1 with PID 13304 (started by lolth in G:\Usuarios\lolth\Documentos\Workspace Eclipse & IntelliJ\backendPortafolio)
2026-07-13 17:36:05.453 DEBUG c.j.b.service.SkillServiceTest - Running with Spring Boot v4.0.3, Spring v7.0.5
2026-07-13 17:36:05.455 INFO  c.j.b.service.SkillServiceTest - The following 1 profile is active: "test"
2026-07-13 17:36:07.364 INFO  o.s.d.r.c.RepositoryConfigurationDelegate - Bootstrapping Spring Data JPA repositories in DEFAULT mode.
2026-07-13 17:36:07.560 INFO  o.s.d.r.c.RepositoryConfigurationDelegate - Finished Spring Data repository scanning in 184 ms. Found 8 JPA repository interfaces.
2026-07-13 17:36:08.899 INFO  o.s.o.j.p.SpringPersistenceUnitInfo - No LoadTimeWeaver setup: ignoring JPA class transformer
2026-07-13 17:36:08.936 INFO  com.zaxxer.hikari.HikariDataSource - HikariPool-1 - Starting...
2026-07-13 17:36:09.148 INFO  com.zaxxer.hikari.pool.HikariPool - HikariPool-1 - Added connection conn0: url=jdbc:h2:mem:testdb user=SA
2026-07-13 17:36:09.149 INFO  com.zaxxer.hikari.HikariDataSource - HikariPool-1 - Start completed.
2026-07-13 17:36:10.407 INFO  o.s.o.j.LocalContainerEntityManagerFactoryBean - Initialized JPA EntityManagerFactory for persistence unit 'default'
2026-07-13 17:36:10.506 INFO  o.s.d.j.r.q.QueryEnhancerFactories - Hibernate is in classpath; If applicable, HQL parser will be used.
2026-07-13 17:36:11.755 INFO  o.s.s.c.a.a.c.InitializeUserDetailsBeanManagerConfigurer$InitializeUserDetailsManagerConfigurer - Global AuthenticationManager configured with UserDetailsService bean with name userDetailsServiceImpl
2026-07-13 17:36:11.884 WARN  o.s.b.j.a.JpaBaseConfiguration$JpaWebConfiguration - spring.jpa.open-in-view is enabled by default. Therefore, database queries may be performed during view rendering. Explicitly configure spring.jpa.open-in-view to disable this warning
2026-07-13 17:36:12.653 INFO  c.j.b.service.SkillServiceTest - Started SkillServiceTest in 7.791 seconds (process running for 9.833)
2026-07-13 17:36:13.480 INFO  o.s.o.j.LocalContainerEntityManagerFactoryBean - Closing JPA EntityManagerFactory for persistence unit 'default'
2026-07-13 17:36:13.488 INFO  com.zaxxer.hikari.HikariDataSource - HikariPool-1 - Shutdown initiated...
2026-07-13 17:36:13.490 INFO  com.zaxxer.hikari.HikariDataSource - HikariPool-1 - Shutdown completed.
2026-07-13 17:39:18.193 INFO  c.j.b.service.SkillServiceTest - Starting SkillServiceTest using Java 25.0.1 with PID 14412 (started by lolth in G:\Usuarios\lolth\Documentos\Workspace Eclipse & IntelliJ\backendPortafolio)
2026-07-13 17:39:18.195 DEBUG c.j.b.service.SkillServiceTest - Running with Spring Boot v4.0.3, Spring v7.0.5
2026-07-13 17:39:18.196 INFO  c.j.b.service.SkillServiceTest - The following 1 profile is active: "test"
2026-07-13 17:39:19.153 INFO  o.s.d.r.c.RepositoryConfigurationDelegate - Bootstrapping Spring Data JPA repositories in DEFAULT mode.
2026-07-13 17:39:19.255 INFO  o.s.d.r.c.RepositoryConfigurationDelegate - Finished Spring Data repository scanning in 93 ms. Found 8 JPA repository interfaces.
2026-07-13 17:39:20.439 INFO  o.s.o.j.p.SpringPersistenceUnitInfo - No LoadTimeWeaver setup: ignoring JPA class transformer
2026-07-13 17:39:20.474 INFO  com.zaxxer.hikari.HikariDataSource - HikariPool-1 - Starting...
2026-07-13 17:39:20.652 INFO  com.zaxxer.hikari.pool.HikariPool - HikariPool-1 - Added connection conn0: url=jdbc:h2:mem:testdb user=SA
2026-07-13 17:39:20.653 INFO  com.zaxxer.hikari.HikariDataSource - HikariPool-1 - Start completed.
2026-07-13 17:39:22.012 INFO  o.s.o.j.LocalContainerEntityManagerFactoryBean - Initialized JPA EntityManagerFactory for persistence unit 'default'
2026-07-13 17:39:22.105 INFO  o.s.d.j.r.q.QueryEnhancerFactories - Hibernate is in classpath; If applicable, HQL parser will be used.
2026-07-13 17:39:23.360 INFO  o.s.s.c.a.a.c.InitializeUserDetailsBeanManagerConfigurer$InitializeUserDetailsManagerConfigurer - Global AuthenticationManager configured with UserDetailsService bean with name userDetailsServiceImpl
2026-07-13 17:39:23.514 WARN  o.s.b.j.a.JpaBaseConfiguration$JpaWebConfiguration - spring.jpa.open-in-view is enabled by default. Therefore, database queries may be performed during view rendering. Explicitly configure spring.jpa.open-in-view to disable this warning
2026-07-13 17:39:24.313 INFO  c.j.b.service.SkillServiceTest - Started SkillServiceTest in 6.514 seconds (process running for 7.943)
2026-07-13 17:39:25.050 INFO  o.s.o.j.LocalContainerEntityManagerFactoryBean - Closing JPA EntityManagerFactory for persistence unit 'default'
2026-07-13 17:39:25.059 INFO  com.zaxxer.hikari.HikariDataSource - HikariPool-1 - Shutdown initiated...
2026-07-13 17:39:25.061 INFO  com.zaxxer.hikari.HikariDataSource - HikariPool-1 - Shutdown completed.
2026-07-13 17:45:07.183 INFO  c.j.b.service.SkillServiceTest - Starting SkillServiceTest using Java 25.0.1 with PID 18684 (started by lolth in G:\Usuarios\lolth\Documentos\Workspace Eclipse & IntelliJ\backendPortafolio)
2026-07-13 17:45:07.184 DEBUG c.j.b.service.SkillServiceTest - Running with Spring Boot v4.0.3, Spring v7.0.5
2026-07-13 17:45:07.184 INFO  c.j.b.service.SkillServiceTest - The following 1 profile is active: "test"
2026-07-13 17:45:08.037 INFO  o.s.d.r.c.RepositoryConfigurationDelegate - Bootstrapping Spring Data JPA repositories in DEFAULT mode.
2026-07-13 17:45:08.129 INFO  o.s.d.r.c.RepositoryConfigurationDelegate - Finished Spring Data repository scanning in 83 ms. Found 8 JPA repository interfaces.
2026-07-13 17:45:09.137 INFO  o.s.o.j.p.SpringPersistenceUnitInfo - No LoadTimeWeaver setup: ignoring JPA class transformer
2026-07-13 17:45:09.167 INFO  com.zaxxer.hikari.HikariDataSource - HikariPool-1 - Starting...
2026-07-13 17:45:09.320 INFO  com.zaxxer.hikari.pool.HikariPool - HikariPool-1 - Added connection conn0: url=jdbc:h2:mem:testdb user=SA
2026-07-13 17:45:09.322 INFO  com.zaxxer.hikari.HikariDataSource - HikariPool-1 - Start completed.
2026-07-13 17:45:10.370 INFO  o.s.o.j.LocalContainerEntityManagerFactoryBean - Initialized JPA EntityManagerFactory for persistence unit 'default'
2026-07-13 17:45:10.480 INFO  o.s.d.j.r.q.QueryEnhancerFactories - Hibernate is in classpath; If applicable, HQL parser will be used.
2026-07-13 17:45:11.649 INFO  o.s.s.c.a.a.c.InitializeUserDetailsBeanManagerConfigurer$InitializeUserDetailsManagerConfigurer - Global AuthenticationManager configured with UserDetailsService bean with name userDetailsServiceImpl
2026-07-13 17:45:11.782 WARN  o.s.b.j.a.JpaBaseConfiguration$JpaWebConfiguration - spring.jpa.open-in-view is enabled by default. Therefore, database queries may be performed during view rendering. Explicitly configure spring.jpa.open-in-view to disable this warning
2026-07-13 17:45:12.539 INFO  c.j.b.service.SkillServiceTest - Started SkillServiceTest in 5.724 seconds (process running for 7.027)
2026-07-13 17:45:13.265 INFO  o.s.o.j.LocalContainerEntityManagerFactoryBean - Closing JPA EntityManagerFactory for persistence unit 'default'
2026-07-13 17:45:13.274 INFO  com.zaxxer.hikari.HikariDataSource - HikariPool-1 - Shutdown initiated...
2026-07-13 17:45:13.276 INFO  com.zaxxer.hikari.HikariDataSource - HikariPool-1 - Shutdown completed.
2026-07-13 17:45:16.523 INFO  c.j.b.service.SkillServiceTest - Starting SkillServiceTest using Java 25.0.1 with PID 17860 (started by lolth in G:\Usuarios\lolth\Documentos\Workspace Eclipse & IntelliJ\backendPortafolio)
2026-07-13 17:45:16.524 DEBUG c.j.b.service.SkillServiceTest - Running with Spring Boot v4.0.3, Spring v7.0.5
2026-07-13 17:45:16.525 INFO  c.j.b.service.SkillServiceTest - The following 1 profile is active: "test"
2026-07-13 17:45:17.469 INFO  o.s.d.r.c.RepositoryConfigurationDelegate - Bootstrapping Spring Data JPA repositories in DEFAULT mode.
2026-07-13 17:45:17.566 INFO  o.s.d.r.c.RepositoryConfigurationDelegate - Finished Spring Data repository scanning in 88 ms. Found 8 JPA repository interfaces.
2026-07-13 17:45:18.698 INFO  o.s.o.j.p.SpringPersistenceUnitInfo - No LoadTimeWeaver setup: ignoring JPA class transformer
2026-07-13 17:45:18.732 INFO  com.zaxxer.hikari.HikariDataSource - HikariPool-1 - Starting...
2026-07-13 17:45:18.911 INFO  com.zaxxer.hikari.pool.HikariPool - HikariPool-1 - Added connection conn0: url=jdbc:h2:mem:testdb user=SA
2026-07-13 17:45:18.912 INFO  com.zaxxer.hikari.HikariDataSource - HikariPool-1 - Start completed.
2026-07-13 17:45:20.084 INFO  o.s.o.j.LocalContainerEntityManagerFactoryBean - Initialized JPA EntityManagerFactory for persistence unit 'default'
2026-07-13 17:45:20.201 INFO  o.s.d.j.r.q.QueryEnhancerFactories - Hibernate is in classpath; If applicable, HQL parser will be used.
2026-07-13 17:45:21.444 INFO  o.s.s.c.a.a.c.InitializeUserDetailsBeanManagerConfigurer$InitializeUserDetailsManagerConfigurer - Global AuthenticationManager configured with UserDetailsService bean with name userDetailsServiceImpl
2026-07-13 17:45:21.595 WARN  o.s.b.j.a.JpaBaseConfiguration$JpaWebConfiguration - spring.jpa.open-in-view is enabled by default. Therefore, database queries may be performed during view rendering. Explicitly configure spring.jpa.open-in-view to disable this warning
2026-07-13 17:45:22.421 INFO  c.j.b.service.SkillServiceTest - Started SkillServiceTest in 6.289 seconds (process running for 7.631)
2026-07-13 17:45:23.365 INFO  o.s.o.j.LocalContainerEntityManagerFactoryBean - Closing JPA EntityManagerFactory for persistence unit 'default'
2026-07-13 17:45:23.374 INFO  com.zaxxer.hikari.HikariDataSource - HikariPool-1 - Shutdown initiated...
2026-07-13 17:45:23.376 INFO  com.zaxxer.hikari.HikariDataSource - HikariPool-1 - Shutdown completed.
2026-07-13 17:46:42.613 INFO  c.j.b.service.SkillServiceTest - Starting SkillServiceTest using Java 25.0.1 with PID 11976 (started by lolth in G:\Usuarios\lolth\Documentos\Workspace Eclipse & IntelliJ\backendPortafolio)
2026-07-13 17:46:42.614 DEBUG c.j.b.service.SkillServiceTest - Running with Spring Boot v4.0.3, Spring v7.0.5
2026-07-13 17:46:42.615 INFO  c.j.b.service.SkillServiceTest - The following 1 profile is active: "test"
2026-07-13 17:46:43.621 INFO  o.s.d.r.c.RepositoryConfigurationDelegate - Bootstrapping Spring Data JPA repositories in DEFAULT mode.
2026-07-13 17:46:43.719 INFO  o.s.d.r.c.RepositoryConfigurationDelegate - Finished Spring Data repository scanning in 89 ms. Found 8 JPA repository interfaces.
2026-07-13 17:46:44.769 INFO  o.s.o.j.p.SpringPersistenceUnitInfo - No LoadTimeWeaver setup: ignoring JPA class transformer
2026-07-13 17:46:44.799 INFO  com.zaxxer.hikari.HikariDataSource - HikariPool-1 - Starting...
2026-07-13 17:46:44.967 INFO  com.zaxxer.hikari.pool.HikariPool - HikariPool-1 - Added connection conn0: url=jdbc:h2:mem:testdb user=SA
2026-07-13 17:46:44.968 INFO  com.zaxxer.hikari.HikariDataSource - HikariPool-1 - Start completed.
2026-07-13 17:46:46.096 INFO  o.s.o.j.LocalContainerEntityManagerFactoryBean - Initialized JPA EntityManagerFactory for persistence unit 'default'
2026-07-13 17:46:46.191 INFO  o.s.d.j.r.q.QueryEnhancerFactories - Hibernate is in classpath; If applicable, HQL parser will be used.
2026-07-13 17:46:47.417 INFO  o.s.s.c.a.a.c.InitializeUserDetailsBeanManagerConfigurer$InitializeUserDetailsManagerConfigurer - Global AuthenticationManager configured with UserDetailsService bean with name userDetailsServiceImpl
2026-07-13 17:46:47.584 WARN  o.s.b.j.a.JpaBaseConfiguration$JpaWebConfiguration - spring.jpa.open-in-view is enabled by default. Therefore, database queries may be performed during view rendering. Explicitly configure spring.jpa.open-in-view to disable this warning
2026-07-13 17:46:48.376 INFO  c.j.b.service.SkillServiceTest - Started SkillServiceTest in 6.181 seconds (process running for 7.621)
2026-07-13 17:46:49.088 INFO  o.s.o.j.LocalContainerEntityManagerFactoryBean - Closing JPA EntityManagerFactory for persistence unit 'default'
2026-07-13 17:46:49.096 INFO  com.zaxxer.hikari.HikariDataSource - HikariPool-1 - Shutdown initiated...
2026-07-13 17:46:49.098 INFO  com.zaxxer.hikari.HikariDataSource - HikariPool-1 - Shutdown completed.
2026-07-13 18:07:20.501 INFO  c.j.b.service.SkillServiceTest - Starting SkillServiceTest using Java 25.0.1 with PID 6664 (started by lolth in G:\Usuarios\lolth\Documentos\Workspace Eclipse & IntelliJ\backendPortafolio)
2026-07-13 18:07:20.502 DEBUG c.j.b.service.SkillServiceTest - Running with Spring Boot v4.0.3, Spring v7.0.5
2026-07-13 18:07:20.502 INFO  c.j.b.service.SkillServiceTest - The following 1 profile is active: "test"
2026-07-13 18:07:21.399 INFO  o.s.d.r.c.RepositoryConfigurationDelegate - Bootstrapping Spring Data JPA repositories in DEFAULT mode.
2026-07-13 18:07:21.499 INFO  o.s.d.r.c.RepositoryConfigurationDelegate - Finished Spring Data repository scanning in 89 ms. Found 8 JPA repository interfaces.
2026-07-13 18:07:22.556 INFO  o.s.o.j.p.SpringPersistenceUnitInfo - No LoadTimeWeaver setup: ignoring JPA class transformer
2026-07-13 18:07:22.589 INFO  com.zaxxer.hikari.HikariDataSource - HikariPool-1 - Starting...
2026-07-13 18:07:22.760 INFO  com.zaxxer.hikari.pool.HikariPool - HikariPool-1 - Added connection conn0: url=jdbc:h2:mem:testdb user=SA
2026-07-13 18:07:22.763 INFO  com.zaxxer.hikari.HikariDataSource - HikariPool-1 - Start completed.
2026-07-13 18:07:23.833 INFO  o.s.o.j.LocalContainerEntityManagerFactoryBean - Initialized JPA EntityManagerFactory for persistence unit 'default'
2026-07-13 18:07:23.919 INFO  o.s.d.j.r.q.QueryEnhancerFactories - Hibernate is in classpath; If applicable, HQL parser will be used.
2026-07-13 18:07:25.069 INFO  o.s.s.c.a.a.c.InitializeUserDetailsBeanManagerConfigurer$InitializeUserDetailsManagerConfigurer - Global AuthenticationManager configured with UserDetailsService bean with name userDetailsServiceImpl
2026-07-13 18:07:25.205 WARN  o.s.b.j.a.JpaBaseConfiguration$JpaWebConfiguration - spring.jpa.open-in-view is enabled by default. Therefore, database queries may be performed during view rendering. Explicitly configure spring.jpa.open-in-view to disable this warning
2026-07-13 18:07:25.955 INFO  c.j.b.service.SkillServiceTest - Started SkillServiceTest in 5.83 seconds (process running for 7.153)
2026-07-13 18:07:26.763 INFO  o.s.o.j.LocalContainerEntityManagerFactoryBean - Closing JPA EntityManagerFactory for persistence unit 'default'
2026-07-13 18:07:26.772 INFO  com.zaxxer.hikari.HikariDataSource - HikariPool-1 - Shutdown initiated...
2026-07-13 18:07:26.774 INFO  com.zaxxer.hikari.HikariDataSource - HikariPool-1 - Shutdown completed.
